********************************************************************************
DUPLICATOR-LITE PACKAGE-LOG: May 23, 2020 6:46 am
NOTICE: Do NOT post to public sites or forums 
********************************************************************************
VERSION:	1.3.34
WORDPRESS:	5.4
PHP INFO:	7.2.26 | SAPI: apache2handler
SERVER:		Apache/2.4.41 (Win64) OpenSSL/1.1.1c PHP/7.2.26 
PHP TIME LIMIT: (0) no time limit imposed 
PHP MAX MEMORY: 4294967296 (512M default) 
MEMORY STACK: 6MB

********************************************************************************
DATABASE:
********************************************************************************
BUILD MODE:   MYSQLDUMP
MYSQLTIMEOUT: 5000
MYSQLDUMP:    Is Supported
SQL CREATED: 20200522_9015b4007ea116146627_20200523064619_database.sql
SQL FILE SIZE: 2.94MB (3085530)
SQL FILE TIME: 2020-05-23 06:46:42
SQL RUNTIME: 10.57 sec.

********************************************************************************
ARCHIVE (ZIP):
********************************************************************************
ARCHIVE DIR:  C:/xampp/htdocs/ssgwp
ARCHIVE FILE: 20200522_9015b4007ea116146627_20200523064619_archive.zip
FILTERS: *OFF*
DIRS:
	not set
FILES:
	not set
EXTS:  not set
----------------------------------------
COMPRESSING
SIZE:	130.57MB
STATS:	Dirs 823 | Files 4,116
SQL ADDED: 20200522_9015b4007ea116146627_20200523064619_database.sql
ZipArchive Object
(
    [status] => 0
    [statusSys] => 0
    [numFiles] => 4939
    [filename] => C:\xampp\htdocs\ssgwp\wp-snapshots\tmp\20200522_9015b4007ea116146627_20200523064619_archive.zip
    [comment] => 
)

FILE ADDED TO ZIP: 4938
COMPRESSION RESULT: '1'
COMPRESSED SIZE: 84.27MB
ARCHIVE RUNTIME: 22.29 sec.
MEMORY STACK: 8MB
building installer
add_extra_files1
add_extra_files2
add_extra_files3
add_extra_files4
Doing archive file check
add_extra_files5
add_extra_files6
add_extra_files8
Successfully opened zip C:/xampp/htdocs/ssgwp/wp-snapshots/tmp/20200522_9015b4007ea116146627_20200523064619_archive.zip
Adding enhanced installer files to archive using ZipArchive
Installer files added to archive
Added to archive
After ziparchive close when adding installer

********************************************************************************
INTEGRITY CHECKS:
********************************************************************************
SQL FILE: 2.94MB
INSTALLER FILE: 61.31KB
ARCHIVE FILE: 85.78MB 
EXPECTED FILE/DIRECTORY COUNT: 4,939
ACTUAL FILE/DIRECTORY COUNT: 4,938
ARCHIVE CONSISTENCY TEST: Pass

********************************************************************************
RECORD ID:[3]
TOTAL PROCESS RUNTIME: 35.20 sec.
PEAK PHP MEMORY USED: 8MB
DONE PROCESSING => 20200522 May 23, 2020 6:47 am

